


ARM Macro Assembler    Page 1 


    1 00000000         ;******************** (C) COPYRIGHT 2011 STMicroelectron
                       ics ********************
    2 00000000         ;* File Name          : startup_stm32f10x_md.s
    3 00000000         ;* Author             : Edited for STM32F103C8T6 (Medium
                        Density)
    4 00000000         ;* Description        : STM32F103C8T6 (MD) vector table 
                       for MDK-ARM toolchain.
    5 00000000         ;*******************************************************
                       ************************
    6 00000000         
    7 00000000         ; 栈大小保持 0xC00 (3KB)，对 OTA 应用比较稳健
    8 00000000 00001000 
                       Stack_Size
                               EQU              0x00001000
    9 00000000         
   10 00000000                 AREA             STACK, NOINIT, READWRITE, ALIGN
=3
   11 00000000         Stack_Mem
                               SPACE            Stack_Size
   12 00001000         __initial_sp
   13 00001000         
   14 00001000         ; 堆大小保持 0x400
   15 00001000 00000400 
                       Heap_Size
                               EQU              0x00000400
   16 00001000         
   17 00001000                 AREA             HEAP, NOINIT, READWRITE, ALIGN=
3
   18 00000000         __heap_base
   19 00000000         Heap_Mem
                               SPACE            Heap_Size
   20 00000400         __heap_limit
   21 00000400         
   22 00000400                 PRESERVE8
   23 00000400                 THUMB
   24 00000400         
   25 00000400         ; 向量表起始区域
   26 00000400                 AREA             RESET, DATA, READONLY
   27 00000000                 EXPORT           __Vectors
   28 00000000                 EXPORT           __Vectors_End
   29 00000000                 EXPORT           __Vectors_Size
   30 00000000         
   31 00000000 00000000 
                       __Vectors
                               DCD              __initial_sp ; Top of Stack
   32 00000004 00000000        DCD              Reset_Handler ; Reset Handler
   33 00000008 00000000        DCD              NMI_Handler ; NMI Handler
   34 0000000C 00000000        DCD              HardFault_Handler ; Hard Fault 
                                                            Handler
   35 00000010 00000000        DCD              MemManage_Handler 
                                                            ; MPU Fault Handler
                                                            
   36 00000014 00000000        DCD              BusFault_Handler 
                                                            ; Bus Fault Handler
                                                            
   37 00000018 00000000        DCD              UsageFault_Handler ; Usage Faul
                                                            t Handler
   38 0000001C 00000000        DCD              0           ; Reserved
   39 00000020 00000000        DCD              0           ; Reserved



ARM Macro Assembler    Page 2 


   40 00000024 00000000        DCD              0           ; Reserved
   41 00000028 00000000        DCD              0           ; Reserved
   42 0000002C 00000000        DCD              SVC_Handler ; SVCall Handler
   43 00000030 00000000        DCD              DebugMon_Handler ; Debug Monito
                                                            r Handler
   44 00000034 00000000        DCD              0           ; Reserved
   45 00000038 00000000        DCD              PendSV_Handler ; PendSV Handler
                                                            
   46 0000003C 00000000        DCD              SysTick_Handler 
                                                            ; SysTick Handler
   47 00000040         
   48 00000040         ; 外部中断列表 (针对 C8T6 进行了精简)
   49 00000040 00000000        DCD              WWDG_IRQHandler 
                                                            ; Window Watchdog
   50 00000044 00000000        DCD              PVD_IRQHandler ; PVD through EX
                                                            TI Line detect
   51 00000048 00000000        DCD              TAMPER_IRQHandler ; Tamper
   52 0000004C 00000000        DCD              RTC_IRQHandler ; RTC
   53 00000050 00000000        DCD              FLASH_IRQHandler ; Flash
   54 00000054 00000000        DCD              RCC_IRQHandler ; RCC
   55 00000058 00000000        DCD              EXTI0_IRQHandler ; EXTI Line 0
   56 0000005C 00000000        DCD              EXTI1_IRQHandler ; EXTI Line 1
   57 00000060 00000000        DCD              EXTI2_IRQHandler ; EXTI Line 2
   58 00000064 00000000        DCD              EXTI3_IRQHandler ; EXTI Line 3
   59 00000068 00000000        DCD              EXTI4_IRQHandler ; EXTI Line 4
   60 0000006C 00000000        DCD              DMA1_Channel1_IRQHandler 
                                                            ; DMA1 Channel 1
   61 00000070 00000000        DCD              DMA1_Channel2_IRQHandler 
                                                            ; DMA1 Channel 2
   62 00000074 00000000        DCD              DMA1_Channel3_IRQHandler 
                                                            ; DMA1 Channel 3
   63 00000078 00000000        DCD              DMA1_Channel4_IRQHandler 
                                                            ; DMA1 Channel 4
   64 0000007C 00000000        DCD              DMA1_Channel5_IRQHandler 
                                                            ; DMA1 Channel 5
   65 00000080 00000000        DCD              DMA1_Channel6_IRQHandler 
                                                            ; DMA1 Channel 6
   66 00000084 00000000        DCD              DMA1_Channel7_IRQHandler 
                                                            ; DMA1 Channel 7
   67 00000088 00000000        DCD              ADC1_2_IRQHandler ; ADC1 & ADC2
                                                            
   68 0000008C 00000000        DCD              USB_HP_CAN1_TX_IRQHandler ; USB
                                                             High Priority or C
                                                            AN1 TX
   69 00000090 00000000        DCD              USB_LP_CAN1_RX0_IRQHandler ; US
                                                            B Low  Priority or 
                                                            CAN1 RX0
   70 00000094 00000000        DCD              CAN1_RX1_IRQHandler ; CAN1 RX1
   71 00000098 00000000        DCD              CAN1_SCE_IRQHandler ; CAN1 SCE
   72 0000009C 00000000        DCD              EXTI9_5_IRQHandler 
                                                            ; EXTI Line 9..5
   73 000000A0 00000000        DCD              TIM1_BRK_IRQHandler 
                                                            ; TIM1 Break
   74 000000A4 00000000        DCD              TIM1_UP_IRQHandler 
                                                            ; TIM1 Update
   75 000000A8 00000000        DCD              TIM1_TRG_COM_IRQHandler ; TIM1 
                                                            Trigger and Commuta
                                                            tion
   76 000000AC 00000000        DCD              TIM1_CC_IRQHandler ; TIM1 Captu



ARM Macro Assembler    Page 3 


                                                            re Compare
   77 000000B0 00000000        DCD              TIM2_IRQHandler ; TIM2
   78 000000B4 00000000        DCD              TIM3_IRQHandler ; TIM3
   79 000000B8 00000000        DCD              TIM4_IRQHandler ; TIM4
   80 000000BC 00000000        DCD              I2C1_EV_IRQHandler ; I2C1 Event
                                                            
   81 000000C0 00000000        DCD              I2C1_ER_IRQHandler ; I2C1 Error
                                                            
   82 000000C4 00000000        DCD              I2C2_EV_IRQHandler ; I2C2 Event
                                                            
   83 000000C8 00000000        DCD              I2C2_ER_IRQHandler ; I2C2 Error
                                                            
   84 000000CC 00000000        DCD              SPI1_IRQHandler ; SPI1
   85 000000D0 00000000        DCD              SPI2_IRQHandler ; SPI2
   86 000000D4 00000000        DCD              USART1_IRQHandler ; USART1
   87 000000D8 00000000        DCD              USART2_IRQHandler ; USART2
   88 000000DC 00000000        DCD              USART3_IRQHandler ; USART3
   89 000000E0 00000000        DCD              EXTI15_10_IRQHandler 
                                                            ; EXTI Line 15..10
   90 000000E4 00000000        DCD              RTCAlarm_IRQHandler ; RTC Alarm
                                                             through EXTI Line
   91 000000E8 00000000        DCD              USBWakeUp_IRQHandler ; USB Wake
                                                            up from suspend
   92 000000EC         __Vectors_End
   93 000000EC         
   94 000000EC 000000EC 
                       __Vectors_Size
                               EQU              __Vectors_End - __Vectors
   95 000000EC         
   96 000000EC                 AREA             |.text|, CODE, READONLY
   97 00000000         
   98 00000000         ; 复位处理程序
   99 00000000         Reset_Handler
                               PROC
  100 00000000                 EXPORT           Reset_Handler             [WEAK
]
  101 00000000                 IMPORT           __main
  102 00000000                 IMPORT           SystemInit
  103 00000000 4806            LDR              R0, =SystemInit
  104 00000002 4780            BLX              R0
  105 00000004 4806            LDR              R0, =__main
  106 00000006 4700            BX               R0
  107 00000008                 ENDP
  108 00000008         
  109 00000008         ; 异常处理占位符
  110 00000008         NMI_Handler
                               PROC
  111 00000008                 EXPORT           NMI_Handler                [WEA
K]
  112 00000008 E7FE            B                .
  113 0000000A                 ENDP
  114 0000000A         HardFault_Handler
                               PROC
  115 0000000A                 EXPORT           HardFault_Handler          [WEA
K]
  116 0000000A E7FE            B                .
  117 0000000C                 ENDP
  118 0000000C         MemManage_Handler
                               PROC



ARM Macro Assembler    Page 4 


  119 0000000C                 EXPORT           MemManage_Handler          [WEA
K]
  120 0000000C E7FE            B                .
  121 0000000E                 ENDP
  122 0000000E         BusFault_Handler
                               PROC
  123 0000000E                 EXPORT           BusFault_Handler           [WEA
K]
  124 0000000E E7FE            B                .
  125 00000010                 ENDP
  126 00000010         UsageFault_Handler
                               PROC
  127 00000010                 EXPORT           UsageFault_Handler         [WEA
K]
  128 00000010 E7FE            B                .
  129 00000012                 ENDP
  130 00000012         SVC_Handler
                               PROC
  131 00000012                 EXPORT           SVC_Handler                [WEA
K]
  132 00000012 E7FE            B                .
  133 00000014                 ENDP
  134 00000014         DebugMon_Handler
                               PROC
  135 00000014                 EXPORT           DebugMon_Handler           [WEA
K]
  136 00000014 E7FE            B                .
  137 00000016                 ENDP
  138 00000016         PendSV_Handler
                               PROC
  139 00000016                 EXPORT           PendSV_Handler             [WEA
K]
  140 00000016 E7FE            B                .
  141 00000018                 ENDP
  142 00000018         SysTick_Handler
                               PROC
  143 00000018                 EXPORT           SysTick_Handler            [WEA
K]
  144 00000018 E7FE            B                .
  145 0000001A                 ENDP
  146 0000001A         
  147 0000001A         Default_Handler
                               PROC
  148 0000001A         ; 导出所有 MD 设备支持的外部中断
  149 0000001A                 EXPORT           WWDG_IRQHandler            [WEA
K]
  150 0000001A                 EXPORT           PVD_IRQHandler             [WEA
K]
  151 0000001A                 EXPORT           TAMPER_IRQHandler          [WEA
K]
  152 0000001A                 EXPORT           RTC_IRQHandler             [WEA
K]
  153 0000001A                 EXPORT           FLASH_IRQHandler           [WEA
K]
  154 0000001A                 EXPORT           RCC_IRQHandler             [WEA
K]
  155 0000001A                 EXPORT           EXTI0_IRQHandler           [WEA
K]
  156 0000001A                 EXPORT           EXTI1_IRQHandler           [WEA



ARM Macro Assembler    Page 5 


K]
  157 0000001A                 EXPORT           EXTI2_IRQHandler           [WEA
K]
  158 0000001A                 EXPORT           EXTI3_IRQHandler           [WEA
K]
  159 0000001A                 EXPORT           EXTI4_IRQHandler           [WEA
K]
  160 0000001A                 EXPORT           DMA1_Channel1_IRQHandler   [WEA
K]
  161 0000001A                 EXPORT           DMA1_Channel2_IRQHandler   [WEA
K]
  162 0000001A                 EXPORT           DMA1_Channel3_IRQHandler   [WEA
K]
  163 0000001A                 EXPORT           DMA1_Channel4_IRQHandler   [WEA
K]
  164 0000001A                 EXPORT           DMA1_Channel5_IRQHandler   [WEA
K]
  165 0000001A                 EXPORT           DMA1_Channel6_IRQHandler   [WEA
K]
  166 0000001A                 EXPORT           DMA1_Channel7_IRQHandler   [WEA
K]
  167 0000001A                 EXPORT           ADC1_2_IRQHandler          [WEA
K]
  168 0000001A                 EXPORT           USB_HP_CAN1_TX_IRQHandler  [WEA
K]
  169 0000001A                 EXPORT           USB_LP_CAN1_RX0_IRQHandler [WEA
K]
  170 0000001A                 EXPORT           CAN1_RX1_IRQHandler        [WEA
K]
  171 0000001A                 EXPORT           CAN1_SCE_IRQHandler        [WEA
K]
  172 0000001A                 EXPORT           EXTI9_5_IRQHandler         [WEA
K]
  173 0000001A                 EXPORT           TIM1_BRK_IRQHandler        [WEA
K]
  174 0000001A                 EXPORT           TIM1_UP_IRQHandler         [WEA
K]
  175 0000001A                 EXPORT           TIM1_TRG_COM_IRQHandler    [WEA
K]
  176 0000001A                 EXPORT           TIM1_CC_IRQHandler         [WEA
K]
  177 0000001A                 EXPORT           TIM2_IRQHandler            [WEA
K]
  178 0000001A                 EXPORT           TIM3_IRQHandler            [WEA
K]
  179 0000001A                 EXPORT           TIM4_IRQHandler            [WEA
K]
  180 0000001A                 EXPORT           I2C1_EV_IRQHandler         [WEA
K]
  181 0000001A                 EXPORT           I2C1_ER_IRQHandler         [WEA
K]
  182 0000001A                 EXPORT           I2C2_EV_IRQHandler         [WEA
K]
  183 0000001A                 EXPORT           I2C2_ER_IRQHandler         [WEA
K]
  184 0000001A                 EXPORT           SPI1_IRQHandler            [WEA
K]
  185 0000001A                 EXPORT           SPI2_IRQHandler            [WEA
K]



ARM Macro Assembler    Page 6 


  186 0000001A                 EXPORT           USART1_IRQHandler          [WEA
K]
  187 0000001A                 EXPORT           USART2_IRQHandler          [WEA
K]
  188 0000001A                 EXPORT           USART3_IRQHandler          [WEA
K]
  189 0000001A                 EXPORT           EXTI15_10_IRQHandler ; 注意此处
                                                            移除了多余向量
  190 0000001A                 EXPORT           RTCAlarm_IRQHandler        [WEA
K]
  191 0000001A                 EXPORT           USBWakeUp_IRQHandler       [WEA
K]
  192 0000001A         
  193 0000001A         WWDG_IRQHandler
  194 0000001A         PVD_IRQHandler
  195 0000001A         TAMPER_IRQHandler
  196 0000001A         RTC_IRQHandler
  197 0000001A         FLASH_IRQHandler
  198 0000001A         RCC_IRQHandler
  199 0000001A         EXTI0_IRQHandler
  200 0000001A         EXTI1_IRQHandler
  201 0000001A         EXTI2_IRQHandler
  202 0000001A         EXTI3_IRQHandler
  203 0000001A         EXTI4_IRQHandler
  204 0000001A         DMA1_Channel1_IRQHandler
  205 0000001A         DMA1_Channel2_IRQHandler
  206 0000001A         DMA1_Channel3_IRQHandler
  207 0000001A         DMA1_Channel4_IRQHandler
  208 0000001A         DMA1_Channel5_IRQHandler
  209 0000001A         DMA1_Channel6_IRQHandler
  210 0000001A         DMA1_Channel7_IRQHandler
  211 0000001A         ADC1_2_IRQHandler
  212 0000001A         USB_HP_CAN1_TX_IRQHandler
  213 0000001A         USB_LP_CAN1_RX0_IRQHandler
  214 0000001A         CAN1_RX1_IRQHandler
  215 0000001A         CAN1_SCE_IRQHandler
  216 0000001A         EXTI9_5_IRQHandler
  217 0000001A         TIM1_BRK_IRQHandler
  218 0000001A         TIM1_UP_IRQHandler
  219 0000001A         TIM1_TRG_COM_IRQHandler
  220 0000001A         TIM1_CC_IRQHandler
  221 0000001A         TIM2_IRQHandler
  222 0000001A         TIM3_IRQHandler
  223 0000001A         TIM4_IRQHandler
  224 0000001A         I2C1_EV_IRQHandler
  225 0000001A         I2C1_ER_IRQHandler
  226 0000001A         I2C2_EV_IRQHandler
  227 0000001A         I2C2_ER_IRQHandler
  228 0000001A         SPI1_IRQHandler
  229 0000001A         SPI2_IRQHandler
  230 0000001A         USART1_IRQHandler
  231 0000001A         USART2_IRQHandler
  232 0000001A         USART3_IRQHandler
  233 0000001A         EXTI15_10_IRQHandler
  234 0000001A         RTCAlarm_IRQHandler
  235 0000001A         USBWakeUp_IRQHandler
  236 0000001A E7FE            B                .
  237 0000001C                 ENDP
  238 0000001C         



ARM Macro Assembler    Page 7 


  239 0000001C                 ALIGN
  240 0000001C         
  241 0000001C         ; 堆栈初始化逻辑
  242 0000001C                 IF               :DEF:__MICROLIB
  243 0000001C                 EXPORT           __initial_sp
  244 0000001C                 EXPORT           __heap_base
  245 0000001C                 EXPORT           __heap_limit
  246 0000001C                 ELSE
  256                          ENDIF
  257 0000001C                 END
              00000000 
              00000000 
Command Line: --debug --xref --diag_suppress=9931 --cpu=Cortex-M3 --apcs=interw
ork --depend=.\objects\startup_stm32f10x_hd.d -o.\objects\startup_stm32f10x_hd.
o -I.\RTE\_Target_1 -IC:\Keil_v5\ARM\PACK\Keil\STM32F1xx_DFP\2.2.0\Device\Inclu
de -IC:\Keil_v5\ARM\CMSIS\Include --predefine="__MICROLIB SETA 1" --predefine="
__UVISION_VERSION SETA 524" --predefine="STM32F10X_MD SETA 1" --list=.\listings
\startup_stm32f10x_hd.lst Star\startup_stm32f10x_hd.s



ARM Macro Assembler    Page 1 Alphabetic symbol ordering
Relocatable symbols

STACK 00000000

Symbol: STACK
   Definitions
      At line 10 in file Star\startup_stm32f10x_hd.s
   Uses
      None
Comment: STACK unused
Stack_Mem 00000000

Symbol: Stack_Mem
   Definitions
      At line 11 in file Star\startup_stm32f10x_hd.s
   Uses
      None
Comment: Stack_Mem unused
__initial_sp 00001000

Symbol: __initial_sp
   Definitions
      At line 12 in file Star\startup_stm32f10x_hd.s
   Uses
      At line 31 in file Star\startup_stm32f10x_hd.s
      At line 243 in file Star\startup_stm32f10x_hd.s

3 symbols



ARM Macro Assembler    Page 1 Alphabetic symbol ordering
Relocatable symbols

HEAP 00000000

Symbol: HEAP
   Definitions
      At line 17 in file Star\startup_stm32f10x_hd.s
   Uses
      None
Comment: HEAP unused
Heap_Mem 00000000

Symbol: Heap_Mem
   Definitions
      At line 19 in file Star\startup_stm32f10x_hd.s
   Uses
      None
Comment: Heap_Mem unused
__heap_base 00000000

Symbol: __heap_base
   Definitions
      At line 18 in file Star\startup_stm32f10x_hd.s
   Uses
      At line 244 in file Star\startup_stm32f10x_hd.s
Comment: __heap_base used once
__heap_limit 00000400

Symbol: __heap_limit
   Definitions
      At line 20 in file Star\startup_stm32f10x_hd.s
   Uses
      At line 245 in file Star\startup_stm32f10x_hd.s
Comment: __heap_limit used once
4 symbols



ARM Macro Assembler    Page 1 Alphabetic symbol ordering
Relocatable symbols

RESET 00000000

Symbol: RESET
   Definitions
      At line 26 in file Star\startup_stm32f10x_hd.s
   Uses
      None
Comment: RESET unused
__Vectors 00000000

Symbol: __Vectors
   Definitions
      At line 31 in file Star\startup_stm32f10x_hd.s
   Uses
      At line 27 in file Star\startup_stm32f10x_hd.s
      At line 94 in file Star\startup_stm32f10x_hd.s

__Vectors_End 000000EC

Symbol: __Vectors_End
   Definitions
      At line 92 in file Star\startup_stm32f10x_hd.s
   Uses
      At line 28 in file Star\startup_stm32f10x_hd.s
      At line 94 in file Star\startup_stm32f10x_hd.s

3 symbols



ARM Macro Assembler    Page 1 Alphabetic symbol ordering
Relocatable symbols

.text 00000000

Symbol: .text
   Definitions
      At line 96 in file Star\startup_stm32f10x_hd.s
   Uses
      None
Comment: .text unused
ADC1_2_IRQHandler 0000001A

Symbol: ADC1_2_IRQHandler
   Definitions
      At line 211 in file Star\startup_stm32f10x_hd.s
   Uses
      At line 67 in file Star\startup_stm32f10x_hd.s
      At line 167 in file Star\startup_stm32f10x_hd.s

BusFault_Handler 0000000E

Symbol: BusFault_Handler
   Definitions
      At line 122 in file Star\startup_stm32f10x_hd.s
   Uses
      At line 36 in file Star\startup_stm32f10x_hd.s
      At line 123 in file Star\startup_stm32f10x_hd.s

CAN1_RX1_IRQHandler 0000001A

Symbol: CAN1_RX1_IRQHandler
   Definitions
      At line 214 in file Star\startup_stm32f10x_hd.s
   Uses
      At line 70 in file Star\startup_stm32f10x_hd.s
      At line 170 in file Star\startup_stm32f10x_hd.s

CAN1_SCE_IRQHandler 0000001A

Symbol: CAN1_SCE_IRQHandler
   Definitions
      At line 215 in file Star\startup_stm32f10x_hd.s
   Uses
      At line 71 in file Star\startup_stm32f10x_hd.s
      At line 171 in file Star\startup_stm32f10x_hd.s

DMA1_Channel1_IRQHandler 0000001A

Symbol: DMA1_Channel1_IRQHandler
   Definitions
      At line 204 in file Star\startup_stm32f10x_hd.s
   Uses
      At line 60 in file Star\startup_stm32f10x_hd.s
      At line 160 in file Star\startup_stm32f10x_hd.s

DMA1_Channel2_IRQHandler 0000001A

Symbol: DMA1_Channel2_IRQHandler
   Definitions
      At line 205 in file Star\startup_stm32f10x_hd.s
   Uses



ARM Macro Assembler    Page 2 Alphabetic symbol ordering
Relocatable symbols

      At line 61 in file Star\startup_stm32f10x_hd.s
      At line 161 in file Star\startup_stm32f10x_hd.s

DMA1_Channel3_IRQHandler 0000001A

Symbol: DMA1_Channel3_IRQHandler
   Definitions
      At line 206 in file Star\startup_stm32f10x_hd.s
   Uses
      At line 62 in file Star\startup_stm32f10x_hd.s
      At line 162 in file Star\startup_stm32f10x_hd.s

DMA1_Channel4_IRQHandler 0000001A

Symbol: DMA1_Channel4_IRQHandler
   Definitions
      At line 207 in file Star\startup_stm32f10x_hd.s
   Uses
      At line 63 in file Star\startup_stm32f10x_hd.s
      At line 163 in file Star\startup_stm32f10x_hd.s

DMA1_Channel5_IRQHandler 0000001A

Symbol: DMA1_Channel5_IRQHandler
   Definitions
      At line 208 in file Star\startup_stm32f10x_hd.s
   Uses
      At line 64 in file Star\startup_stm32f10x_hd.s
      At line 164 in file Star\startup_stm32f10x_hd.s

DMA1_Channel6_IRQHandler 0000001A

Symbol: DMA1_Channel6_IRQHandler
   Definitions
      At line 209 in file Star\startup_stm32f10x_hd.s
   Uses
      At line 65 in file Star\startup_stm32f10x_hd.s
      At line 165 in file Star\startup_stm32f10x_hd.s

DMA1_Channel7_IRQHandler 0000001A

Symbol: DMA1_Channel7_IRQHandler
   Definitions
      At line 210 in file Star\startup_stm32f10x_hd.s
   Uses
      At line 66 in file Star\startup_stm32f10x_hd.s
      At line 166 in file Star\startup_stm32f10x_hd.s

DebugMon_Handler 00000014

Symbol: DebugMon_Handler
   Definitions
      At line 134 in file Star\startup_stm32f10x_hd.s
   Uses
      At line 43 in file Star\startup_stm32f10x_hd.s
      At line 135 in file Star\startup_stm32f10x_hd.s

Default_Handler 0000001A




ARM Macro Assembler    Page 3 Alphabetic symbol ordering
Relocatable symbols

Symbol: Default_Handler
   Definitions
      At line 147 in file Star\startup_stm32f10x_hd.s
   Uses
      None
Comment: Default_Handler unused
EXTI0_IRQHandler 0000001A

Symbol: EXTI0_IRQHandler
   Definitions
      At line 199 in file Star\startup_stm32f10x_hd.s
   Uses
      At line 55 in file Star\startup_stm32f10x_hd.s
      At line 155 in file Star\startup_stm32f10x_hd.s

EXTI15_10_IRQHandler 0000001A

Symbol: EXTI15_10_IRQHandler
   Definitions
      At line 233 in file Star\startup_stm32f10x_hd.s
   Uses
      At line 89 in file Star\startup_stm32f10x_hd.s
      At line 189 in file Star\startup_stm32f10x_hd.s

EXTI1_IRQHandler 0000001A

Symbol: EXTI1_IRQHandler
   Definitions
      At line 200 in file Star\startup_stm32f10x_hd.s
   Uses
      At line 56 in file Star\startup_stm32f10x_hd.s
      At line 156 in file Star\startup_stm32f10x_hd.s

EXTI2_IRQHandler 0000001A

Symbol: EXTI2_IRQHandler
   Definitions
      At line 201 in file Star\startup_stm32f10x_hd.s
   Uses
      At line 57 in file Star\startup_stm32f10x_hd.s
      At line 157 in file Star\startup_stm32f10x_hd.s

EXTI3_IRQHandler 0000001A

Symbol: EXTI3_IRQHandler
   Definitions
      At line 202 in file Star\startup_stm32f10x_hd.s
   Uses
      At line 58 in file Star\startup_stm32f10x_hd.s
      At line 158 in file Star\startup_stm32f10x_hd.s

EXTI4_IRQHandler 0000001A

Symbol: EXTI4_IRQHandler
   Definitions
      At line 203 in file Star\startup_stm32f10x_hd.s
   Uses
      At line 59 in file Star\startup_stm32f10x_hd.s
      At line 159 in file Star\startup_stm32f10x_hd.s



ARM Macro Assembler    Page 4 Alphabetic symbol ordering
Relocatable symbols


EXTI9_5_IRQHandler 0000001A

Symbol: EXTI9_5_IRQHandler
   Definitions
      At line 216 in file Star\startup_stm32f10x_hd.s
   Uses
      At line 72 in file Star\startup_stm32f10x_hd.s
      At line 172 in file Star\startup_stm32f10x_hd.s

FLASH_IRQHandler 0000001A

Symbol: FLASH_IRQHandler
   Definitions
      At line 197 in file Star\startup_stm32f10x_hd.s
   Uses
      At line 53 in file Star\startup_stm32f10x_hd.s
      At line 153 in file Star\startup_stm32f10x_hd.s

HardFault_Handler 0000000A

Symbol: HardFault_Handler
   Definitions
      At line 114 in file Star\startup_stm32f10x_hd.s
   Uses
      At line 34 in file Star\startup_stm32f10x_hd.s
      At line 115 in file Star\startup_stm32f10x_hd.s

I2C1_ER_IRQHandler 0000001A

Symbol: I2C1_ER_IRQHandler
   Definitions
      At line 225 in file Star\startup_stm32f10x_hd.s
   Uses
      At line 81 in file Star\startup_stm32f10x_hd.s
      At line 181 in file Star\startup_stm32f10x_hd.s

I2C1_EV_IRQHandler 0000001A

Symbol: I2C1_EV_IRQHandler
   Definitions
      At line 224 in file Star\startup_stm32f10x_hd.s
   Uses
      At line 80 in file Star\startup_stm32f10x_hd.s
      At line 180 in file Star\startup_stm32f10x_hd.s

I2C2_ER_IRQHandler 0000001A

Symbol: I2C2_ER_IRQHandler
   Definitions
      At line 227 in file Star\startup_stm32f10x_hd.s
   Uses
      At line 83 in file Star\startup_stm32f10x_hd.s
      At line 183 in file Star\startup_stm32f10x_hd.s

I2C2_EV_IRQHandler 0000001A

Symbol: I2C2_EV_IRQHandler
   Definitions



ARM Macro Assembler    Page 5 Alphabetic symbol ordering
Relocatable symbols

      At line 226 in file Star\startup_stm32f10x_hd.s
   Uses
      At line 82 in file Star\startup_stm32f10x_hd.s
      At line 182 in file Star\startup_stm32f10x_hd.s

MemManage_Handler 0000000C

Symbol: MemManage_Handler
   Definitions
      At line 118 in file Star\startup_stm32f10x_hd.s
   Uses
      At line 35 in file Star\startup_stm32f10x_hd.s
      At line 119 in file Star\startup_stm32f10x_hd.s

NMI_Handler 00000008

Symbol: NMI_Handler
   Definitions
      At line 110 in file Star\startup_stm32f10x_hd.s
   Uses
      At line 33 in file Star\startup_stm32f10x_hd.s
      At line 111 in file Star\startup_stm32f10x_hd.s

PVD_IRQHandler 0000001A

Symbol: PVD_IRQHandler
   Definitions
      At line 194 in file Star\startup_stm32f10x_hd.s
   Uses
      At line 50 in file Star\startup_stm32f10x_hd.s
      At line 150 in file Star\startup_stm32f10x_hd.s

PendSV_Handler 00000016

Symbol: PendSV_Handler
   Definitions
      At line 138 in file Star\startup_stm32f10x_hd.s
   Uses
      At line 45 in file Star\startup_stm32f10x_hd.s
      At line 139 in file Star\startup_stm32f10x_hd.s

RCC_IRQHandler 0000001A

Symbol: RCC_IRQHandler
   Definitions
      At line 198 in file Star\startup_stm32f10x_hd.s
   Uses
      At line 54 in file Star\startup_stm32f10x_hd.s
      At line 154 in file Star\startup_stm32f10x_hd.s

RTCAlarm_IRQHandler 0000001A

Symbol: RTCAlarm_IRQHandler
   Definitions
      At line 234 in file Star\startup_stm32f10x_hd.s
   Uses
      At line 90 in file Star\startup_stm32f10x_hd.s
      At line 190 in file Star\startup_stm32f10x_hd.s




ARM Macro Assembler    Page 6 Alphabetic symbol ordering
Relocatable symbols

RTC_IRQHandler 0000001A

Symbol: RTC_IRQHandler
   Definitions
      At line 196 in file Star\startup_stm32f10x_hd.s
   Uses
      At line 52 in file Star\startup_stm32f10x_hd.s
      At line 152 in file Star\startup_stm32f10x_hd.s

Reset_Handler 00000000

Symbol: Reset_Handler
   Definitions
      At line 99 in file Star\startup_stm32f10x_hd.s
   Uses
      At line 32 in file Star\startup_stm32f10x_hd.s
      At line 100 in file Star\startup_stm32f10x_hd.s

SPI1_IRQHandler 0000001A

Symbol: SPI1_IRQHandler
   Definitions
      At line 228 in file Star\startup_stm32f10x_hd.s
   Uses
      At line 84 in file Star\startup_stm32f10x_hd.s
      At line 184 in file Star\startup_stm32f10x_hd.s

SPI2_IRQHandler 0000001A

Symbol: SPI2_IRQHandler
   Definitions
      At line 229 in file Star\startup_stm32f10x_hd.s
   Uses
      At line 85 in file Star\startup_stm32f10x_hd.s
      At line 185 in file Star\startup_stm32f10x_hd.s

SVC_Handler 00000012

Symbol: SVC_Handler
   Definitions
      At line 130 in file Star\startup_stm32f10x_hd.s
   Uses
      At line 42 in file Star\startup_stm32f10x_hd.s
      At line 131 in file Star\startup_stm32f10x_hd.s

SysTick_Handler 00000018

Symbol: SysTick_Handler
   Definitions
      At line 142 in file Star\startup_stm32f10x_hd.s
   Uses
      At line 46 in file Star\startup_stm32f10x_hd.s
      At line 143 in file Star\startup_stm32f10x_hd.s

TAMPER_IRQHandler 0000001A

Symbol: TAMPER_IRQHandler
   Definitions
      At line 195 in file Star\startup_stm32f10x_hd.s



ARM Macro Assembler    Page 7 Alphabetic symbol ordering
Relocatable symbols

   Uses
      At line 51 in file Star\startup_stm32f10x_hd.s
      At line 151 in file Star\startup_stm32f10x_hd.s

TIM1_BRK_IRQHandler 0000001A

Symbol: TIM1_BRK_IRQHandler
   Definitions
      At line 217 in file Star\startup_stm32f10x_hd.s
   Uses
      At line 73 in file Star\startup_stm32f10x_hd.s
      At line 173 in file Star\startup_stm32f10x_hd.s

TIM1_CC_IRQHandler 0000001A

Symbol: TIM1_CC_IRQHandler
   Definitions
      At line 220 in file Star\startup_stm32f10x_hd.s
   Uses
      At line 76 in file Star\startup_stm32f10x_hd.s
      At line 176 in file Star\startup_stm32f10x_hd.s

TIM1_TRG_COM_IRQHandler 0000001A

Symbol: TIM1_TRG_COM_IRQHandler
   Definitions
      At line 219 in file Star\startup_stm32f10x_hd.s
   Uses
      At line 75 in file Star\startup_stm32f10x_hd.s
      At line 175 in file Star\startup_stm32f10x_hd.s

TIM1_UP_IRQHandler 0000001A

Symbol: TIM1_UP_IRQHandler
   Definitions
      At line 218 in file Star\startup_stm32f10x_hd.s
   Uses
      At line 74 in file Star\startup_stm32f10x_hd.s
      At line 174 in file Star\startup_stm32f10x_hd.s

TIM2_IRQHandler 0000001A

Symbol: TIM2_IRQHandler
   Definitions
      At line 221 in file Star\startup_stm32f10x_hd.s
   Uses
      At line 77 in file Star\startup_stm32f10x_hd.s
      At line 177 in file Star\startup_stm32f10x_hd.s

TIM3_IRQHandler 0000001A

Symbol: TIM3_IRQHandler
   Definitions
      At line 222 in file Star\startup_stm32f10x_hd.s
   Uses
      At line 78 in file Star\startup_stm32f10x_hd.s
      At line 178 in file Star\startup_stm32f10x_hd.s

TIM4_IRQHandler 0000001A



ARM Macro Assembler    Page 8 Alphabetic symbol ordering
Relocatable symbols


Symbol: TIM4_IRQHandler
   Definitions
      At line 223 in file Star\startup_stm32f10x_hd.s
   Uses
      At line 79 in file Star\startup_stm32f10x_hd.s
      At line 179 in file Star\startup_stm32f10x_hd.s

USART1_IRQHandler 0000001A

Symbol: USART1_IRQHandler
   Definitions
      At line 230 in file Star\startup_stm32f10x_hd.s
   Uses
      At line 86 in file Star\startup_stm32f10x_hd.s
      At line 186 in file Star\startup_stm32f10x_hd.s

USART2_IRQHandler 0000001A

Symbol: USART2_IRQHandler
   Definitions
      At line 231 in file Star\startup_stm32f10x_hd.s
   Uses
      At line 87 in file Star\startup_stm32f10x_hd.s
      At line 187 in file Star\startup_stm32f10x_hd.s

USART3_IRQHandler 0000001A

Symbol: USART3_IRQHandler
   Definitions
      At line 232 in file Star\startup_stm32f10x_hd.s
   Uses
      At line 88 in file Star\startup_stm32f10x_hd.s
      At line 188 in file Star\startup_stm32f10x_hd.s

USBWakeUp_IRQHandler 0000001A

Symbol: USBWakeUp_IRQHandler
   Definitions
      At line 235 in file Star\startup_stm32f10x_hd.s
   Uses
      At line 91 in file Star\startup_stm32f10x_hd.s
      At line 191 in file Star\startup_stm32f10x_hd.s

USB_HP_CAN1_TX_IRQHandler 0000001A

Symbol: USB_HP_CAN1_TX_IRQHandler
   Definitions
      At line 212 in file Star\startup_stm32f10x_hd.s
   Uses
      At line 68 in file Star\startup_stm32f10x_hd.s
      At line 168 in file Star\startup_stm32f10x_hd.s

USB_LP_CAN1_RX0_IRQHandler 0000001A

Symbol: USB_LP_CAN1_RX0_IRQHandler
   Definitions
      At line 213 in file Star\startup_stm32f10x_hd.s
   Uses



ARM Macro Assembler    Page 9 Alphabetic symbol ordering
Relocatable symbols

      At line 69 in file Star\startup_stm32f10x_hd.s
      At line 169 in file Star\startup_stm32f10x_hd.s

UsageFault_Handler 00000010

Symbol: UsageFault_Handler
   Definitions
      At line 126 in file Star\startup_stm32f10x_hd.s
   Uses
      At line 37 in file Star\startup_stm32f10x_hd.s
      At line 127 in file Star\startup_stm32f10x_hd.s

WWDG_IRQHandler 0000001A

Symbol: WWDG_IRQHandler
   Definitions
      At line 193 in file Star\startup_stm32f10x_hd.s
   Uses
      At line 49 in file Star\startup_stm32f10x_hd.s
      At line 149 in file Star\startup_stm32f10x_hd.s

55 symbols



ARM Macro Assembler    Page 1 Alphabetic symbol ordering
Absolute symbols

Heap_Size 00000400

Symbol: Heap_Size
   Definitions
      At line 15 in file Star\startup_stm32f10x_hd.s
   Uses
      At line 19 in file Star\startup_stm32f10x_hd.s
Comment: Heap_Size used once
Stack_Size 00001000

Symbol: Stack_Size
   Definitions
      At line 8 in file Star\startup_stm32f10x_hd.s
   Uses
      At line 11 in file Star\startup_stm32f10x_hd.s
Comment: Stack_Size used once
__Vectors_Size 000000EC

Symbol: __Vectors_Size
   Definitions
      At line 94 in file Star\startup_stm32f10x_hd.s
   Uses
      At line 29 in file Star\startup_stm32f10x_hd.s
Comment: __Vectors_Size used once
3 symbols



ARM Macro Assembler    Page 1 Alphabetic symbol ordering
External symbols

SystemInit 00000000

Symbol: SystemInit
   Definitions
      At line 102 in file Star\startup_stm32f10x_hd.s
   Uses
      At line 103 in file Star\startup_stm32f10x_hd.s
Comment: SystemInit used once
__main 00000000

Symbol: __main
   Definitions
      At line 101 in file Star\startup_stm32f10x_hd.s
   Uses
      At line 105 in file Star\startup_stm32f10x_hd.s
Comment: __main used once
2 symbols
405 symbols in table
